<?xml version="1.0" encoding="UTF-8"?>
<!-- Generated by org.testng.reporters.JUnitReportReporter -->
<testsuite hostname="User-PC" name="src.test.runners.DownloadFeatureRunner" tests="1" failures="0" timestamp="17 Dec 2016 13:35:51 GMT" time="26.040" errors="0">
  <testcase name="run_cukes" time="26.040" classname="src.test.runners.DownloadFeatureRunner"/>
</testsuite> <!-- src.test.runners.DownloadFeatureRunner -->
